<?xml version="1.0" encoding="utf-8"?><testsuites><testsuite name="pytest" errors="0" failures="0" skipped="0" tests="172" time="11.907" timestamp="2026-09-12T15:55:49.105822+02:00" hostname="jtv"><testcase classname="tests.tgedr_dataops.commons.test_s3_connector" name="test_s3_connector_without_credentials" time="4.313" /><testcase classname="tests.tgedr_dataops.commons.test_s3_connector" name="test_s3_connector_with_credentials" time="0.053" /><testcase classname="tests.tgedr_dataops.commons.test_utils_fs" name="test_temp_dir_with_no_root" time="0.000" /><testcase classname="tests.tgedr_dataops.commons.test_utils_fs" name="test_temp_dir_with_root" time="0.000" /><testcase classname="tests.tgedr_dataops.commons.test_utils_fs" name="test_temp_dir_with_root_2" time="0.000" /><testcase classname="tests.tgedr_dataops.commons.test_utils_fs" name="test_temp_dir_with_suffix" time="0.000" /><testcase classname="tests.tgedr_dataops.commons.test_utils_fs" name="test_temp_dir_with_suffix_2" time="0.000" /><testcase classname="tests.tgedr_dataops.commons.test_utils_fs" name="test_temp_dir_with_suffix_and_root" time="0.000" /><testcase classname="tests.tgedr_dataops.commons.test_utils_fs" name="test_temp_file" time="0.000" /><testcase classname="tests.tgedr_dataops.commons.test_utils_fs" name="test_temp_file_with_handle" time="0.000" /><testcase classname="tests.tgedr_dataops.commons.test_utils_fs" name="test_resolve_url_protocol" time="0.000" /><testcase classname="tests.tgedr_dataops.commons.test_utils_fs" name="test_resolve_s3_protocol" time="0.000" /><testcase classname="tests.tgedr_dataops.commons.test_utils_fs" name="test_remove_s3_protocol" time="0.000" /><testcase classname="tests.tgedr_dataops.commons.test_utils_fs" name="test_happy_path" time="0.000" /><testcase classname="tests.tgedr_dataops.commons.test_utils_fs" name="test_no_key_path" time="0.000" /><testcase classname="tests.tgedr_dataops.commons.test_utils_fs" name="test_no_protocol_no_key_path" time="0.000" /><testcase classname="tests.tgedr_dataops.commons.test_utils_fs" name="test_hash_file" time="0.000" /><testcase classname="tests.tgedr_dataops.quality.test_pandas_validation" name="test_pandas_dataframe_validation_success" time="0.037" /><testcase classname="tests.tgedr_dataops.quality.test_pandas_validation" name="test_pandas_dataframe_validation_with_failures" time="0.025" /><testcase classname="tests.tgedr_dataops.quality.test_pandas_validation" name="test_pandas_dataframe_validation_empty_dataframe" time="0.013" /><testcase classname="tests.tgedr_dataops.quality.test_pandas_validation" name="test_pandas_dataframe_validation_complex_expectations" time="0.030" /><testcase classname="tests.tgedr_dataops.quality.test_pandas_validation" name="test_pandas_dataframe_validation_single_column" time="0.020" /><testcase classname="tests.tgedr_dataops.quality.test_utils_pandas" name="test_validate_schema_passes_for_matching_schema" time="0.002" /><testcase classname="tests.tgedr_dataops.quality.test_utils_pandas" name="test_validate_schema_raises_for_schema_mismatch" time="0.001" /><testcase classname="tests.tgedr_dataops.sink.test_localfs_file_sink" name="test_put_file_in_target_file_and_delete" time="0.001" /><testcase classname="tests.tgedr_dataops.sink.test_localfs_file_sink" name="test_put_file_in_target_folder_and_delete" time="0.001" /><testcase classname="tests.tgedr_dataops.sink.test_localfs_file_sink" name="test_delete_directory" time="0.000" /><testcase classname="tests.tgedr_dataops.sink.test_localfs_file_sink" name="test_put_missing_source_context" time="0.000" /><testcase classname="tests.tgedr_dataops.sink.test_localfs_file_sink" name="test_put_missing_target_context" time="0.000" /><testcase classname="tests.tgedr_dataops.sink.test_localfs_file_sink" name="test_delete_missing_target_context" time="0.000" /><testcase classname="tests.tgedr_dataops.sink.test_localfs_file_sink" name="test_delete_invalid_path" time="0.000" /><testcase classname="tests.tgedr_dataops.sink.test_s3_file_sink" name="test_put_file_get_file" time="0.245" /><testcase classname="tests.tgedr_dataops.sink.test_s3_file_sink" name="test_put_in_folder_key" time="0.183" /><testcase classname="tests.tgedr_dataops.sink.test_s3_file_sink" name="test_put_missing_source_context" time="0.003" /><testcase classname="tests.tgedr_dataops.sink.test_s3_file_sink" name="test_put_missing_target_context" time="0.002" /><testcase classname="tests.tgedr_dataops.sink.test_s3_file_sink" name="test_put_source_is_directory" time="0.003" /><testcase classname="tests.tgedr_dataops.sink.test_s3_file_sink" name="test_delete_file" time="0.121" /><testcase classname="tests.tgedr_dataops.sink.test_s3_file_sink" name="test_delete_missing_target_context" time="0.003" /><testcase classname="tests.tgedr_dataops.source.test_localfs_file_source" name="test_list" time="0.000" /><testcase classname="tests.tgedr_dataops.source.test_localfs_file_source" name="test_sourcing_one_file" time="0.000" /><testcase classname="tests.tgedr_dataops.source.test_localfs_file_source" name="test_sourcing_multiple_files" time="0.000" /><testcase classname="tests.tgedr_dataops.source.test_localfs_file_source" name="test_list_missing_source_context" time="0.000" /><testcase classname="tests.tgedr_dataops.source.test_localfs_file_source" name="test_get_missing_files_context" time="0.000" /><testcase classname="tests.tgedr_dataops.source.test_localfs_file_source" name="test_get_missing_target_context" time="0.000" /><testcase classname="tests.tgedr_dataops.source.test_localfs_file_source" name="test_get_with_single_string_file" time="0.000" /><testcase classname="tests.tgedr_dataops.source.test_localfs_file_source" name="test_get_with_invalid_files_type" time="0.000" /><testcase classname="tests.tgedr_dataops.source.test_localfs_file_source" name="test_get_with_target_file" time="0.000" /><testcase classname="tests.tgedr_dataops.source.test_pd_df_s3_source_csv" name="test_list" time="0.203" /><testcase classname="tests.tgedr_dataops.source.test_pd_df_s3_source_csv" name="test_get" time="0.135" /><testcase classname="tests.tgedr_dataops.source.test_pd_df_s3_source_csv" name="test_list_with_suffix_filter" time="0.239" /><testcase classname="tests.tgedr_dataops.source.test_pd_df_s3_source_csv" name="test_list_missing_url_context" time="0.003" /><testcase classname="tests.tgedr_dataops.source.test_pd_df_s3_source_csv" name="test_get_missing_url_context" time="0.027" /><testcase classname="tests.tgedr_dataops.source.test_pd_df_s3_source_csv" name="test_get_invalid_format" time="0.552" /><testcase classname="tests.tgedr_dataops.source.test_pd_df_s3_source_excel" name="test_get" time="0.005" /><testcase classname="tests.tgedr_dataops.source.test_s3_copy" name="test_copy_list_with_suffix" time="0.181" /><testcase classname="tests.tgedr_dataops.source.test_s3_copy" name="test_copy" time="0.239" /><testcase classname="tests.tgedr_dataops.source.test_s3_copy" name="test_list_missing_source_context" time="0.003" /><testcase classname="tests.tgedr_dataops.source.test_s3_copy" name="test_get_missing_files_context" time="0.003" /><testcase classname="tests.tgedr_dataops.source.test_s3_copy" name="test_get_missing_target_context" time="0.003" /><testcase classname="tests.tgedr_dataops.source.test_s3_copy" name="test_copy_single_file_with_trailing_slash" time="0.124" /><testcase classname="tests.tgedr_dataops.source.test_s3_file_extended_source" name="test_get_metadata" time="0.166" /><testcase classname="tests.tgedr_dataops.source.test_s3_file_extended_source" name="test_get_metadata_missing_source_context" time="0.003" /><testcase classname="tests.tgedr_dataops.source.test_s3_file_source" name="test_list" time="0.160" /><testcase classname="tests.tgedr_dataops.source.test_s3_file_source" name="test_sourcing_one_file" time="0.184" /><testcase classname="tests.tgedr_dataops.source.test_s3_file_source" name="test_sourcing_multiple_files" time="0.788" /><testcase classname="tests.tgedr_dataops.source.test_s3_file_source" name="test_list_missing_source_context" time="0.003" /><testcase classname="tests.tgedr_dataops.source.test_s3_file_source" name="test_get_missing_files_context" time="0.002" /><testcase classname="tests.tgedr_dataops.source.test_s3_file_source" name="test_get_missing_target_context" time="0.016" /><testcase classname="tests.tgedr_dataops.source.test_s3_file_source" name="test_get_to_file_target" time="0.141" /><testcase classname="tests.tgedr_dataops.store.test_hf_dataset" name="test_eq_equal" time="0.001" /><testcase classname="tests.tgedr_dataops.store.test_hf_dataset" name="test_eq_wrong_type" time="0.001" /><testcase classname="tests.tgedr_dataops.store.test_hf_dataset" name="test_eq_different_train" time="0.001" /><testcase classname="tests.tgedr_dataops.store.test_hf_dataset" name="test_eq_different_test" time="0.001" /><testcase classname="tests.tgedr_dataops.store.test_hf_dataset" name="test_eq_different_validation" time="0.001" /><testcase classname="tests.tgedr_dataops.store.test_hf_dataset" name="test_eq_none_fields" time="0.000" /><testcase classname="tests.tgedr_dataops.store.test_hf_dataset" name="test_eq_one_side_none_train" time="0.001" /><testcase classname="tests.tgedr_dataops.store.test_hf_dataset" name="test_eq_one_side_none_test" time="0.001" /><testcase classname="tests.tgedr_dataops.store.test_hf_dataset" name="test_eq_one_side_none_validation" time="0.001" /><testcase classname="tests.tgedr_dataops.store.test_hf_dataset" name="test_hash" time="0.000" /><testcase classname="tests.tgedr_dataops.store.test_hf_dataset" name="test_equals_delegates_to_eq" time="0.001" /><testcase classname="tests.tgedr_dataops.store.test_hf_dataset" name="test_union_both_present" time="0.003" /><testcase classname="tests.tgedr_dataops.store.test_hf_dataset" name="test_union_other_none" time="0.001" /><testcase classname="tests.tgedr_dataops.store.test_hf_dataset" name="test_union_self_none" time="0.001" /><testcase classname="tests.tgedr_dataops.store.test_hf_dataset" name="test_union_partial_missing" time="0.001" /><testcase classname="tests.tgedr_dataops.store.test_hf_dataset" name="test_from_dict_all_keys" time="0.001" /><testcase classname="tests.tgedr_dataops.store.test_hf_dataset" name="test_from_dict_missing_keys" time="0.000" /><testcase classname="tests.tgedr_dataops.store.test_hf_dataset" name="test_from_dict_empty" time="0.000" /><testcase classname="tests.tgedr_dataops.store.test_hf_dataset" name="test_to_dataset_dict_all_keys" time="0.009" /><testcase classname="tests.tgedr_dataops.store.test_hf_dataset" name="test_to_dataset_dict_missing_keys" time="0.002" /><testcase classname="tests.tgedr_dataops.store.test_hf_dataset" name="test_to_dataset_dict_empty" time="0.000" /><testcase classname="tests.tgedr_dataops.store.test_hf_dataset" name="test_shape_all_keys" time="0.001" /><testcase classname="tests.tgedr_dataops.store.test_hf_dataset" name="test_shape_missing_keys" time="0.000" /><testcase classname="tests.tgedr_dataops.store.test_hf_dataset" name="test_init" time="0.000" /><testcase classname="tests.tgedr_dataops.store.test_hf_dataset" name="test_init_no_config" time="0.000" /><testcase classname="tests.tgedr_dataops.store.test_hf_dataset" name="test_get_success" time="0.009" /><testcase classname="tests.tgedr_dataops.store.test_hf_dataset" name="test_get_drops_index_level_0_column" time="0.010" /><testcase classname="tests.tgedr_dataops.store.test_hf_dataset" name="test_get_dataset_not_found" time="0.001" /><testcase classname="tests.tgedr_dataops.store.test_hf_dataset" name="test_delete_success_cache_exists" time="0.001" /><testcase classname="tests.tgedr_dataops.store.test_hf_dataset" name="test_delete_success_cache_not_exists" time="0.001" /><testcase classname="tests.tgedr_dataops.store.test_hf_dataset" name="test_delete_repo_fails" time="0.001" /><testcase classname="tests.tgedr_dataops.store.test_hf_dataset" name="test_save" time="0.001" /><testcase classname="tests.tgedr_dataops.store.test_hf_dataset" name="test_update_append" time="0.003" /><testcase classname="tests.tgedr_dataops.store.test_hf_dataset" name="test_update_no_append" time="0.001" /><testcase classname="tests.tgedr_dataops.store.test_hf_dataset_file_based" name="test_init_default_visibility" time="0.000" /><testcase classname="tests.tgedr_dataops.store.test_hf_dataset_file_based" name="test_init_no_config" time="0.000" /><testcase classname="tests.tgedr_dataops.store.test_hf_dataset_file_based" name="test_init_visibility_from_config" time="0.000" /><testcase classname="tests.tgedr_dataops.store.test_hf_dataset_file_based" name="test_get_success" time="0.002" /><testcase classname="tests.tgedr_dataops.store.test_hf_dataset_file_based" name="test_get_drops_index_level_0_column" time="0.001" /><testcase classname="tests.tgedr_dataops.store.test_hf_dataset_file_based" name="test_get_dataset_not_found" time="0.000" /><testcase classname="tests.tgedr_dataops.store.test_hf_dataset_file_based" name="test_assert_dataset_existence_creates_when_missing" time="0.001" /><testcase classname="tests.tgedr_dataops.store.test_hf_dataset_file_based" name="test_assert_dataset_existence_exists" time="0.000" /><testcase classname="tests.tgedr_dataops.store.test_hf_dataset_file_based" name="test_get_last_file_index_with_files" time="0.000" /><testcase classname="tests.tgedr_dataops.store.test_hf_dataset_file_based" name="test_get_last_file_index_empty" time="0.000" /><testcase classname="tests.tgedr_dataops.store.test_hf_dataset_file_based" name="test_get_last_file_index_wrong_extension" time="0.000" /><testcase classname="tests.tgedr_dataops.store.test_hf_dataset_file_based" name="test_get_next_file_index" time="0.000" /><testcase classname="tests.tgedr_dataops.store.test_hf_dataset_file_based" name="test_list_split" time="0.000" /><testcase classname="tests.tgedr_dataops.store.test_hf_dataset_file_based" name="test_list_all" time="0.000" /><testcase classname="tests.tgedr_dataops.store.test_hf_dataset_file_based" name="test_list_repo_not_found" time="0.001" /><testcase classname="tests.tgedr_dataops.store.test_hf_dataset_file_based" name="test_delete_split" time="0.001" /><testcase classname="tests.tgedr_dataops.store.test_hf_dataset_file_based" name="test_delete_all" time="0.001" /><testcase classname="tests.tgedr_dataops.store.test_hf_dataset_file_based" name="test_delete_dataset_removes_cache_and_repo" time="0.001" /><testcase classname="tests.tgedr_dataops.store.test_hf_dataset_file_based" name="test_delete_dataset_no_cache" time="0.001" /><testcase classname="tests.tgedr_dataops.store.test_hf_dataset_file_based" name="test_delete_dataset_repo_not_found" time="0.001" /><testcase classname="tests.tgedr_dataops.store.test_hf_dataset_file_based" name="test_delete_dataset_repo_delete_fails" time="0.001" /><testcase classname="tests.tgedr_dataops.store.test_hf_dataset_file_based" name="test_is_empty_true" time="0.000" /><testcase classname="tests.tgedr_dataops.store.test_hf_dataset_file_based" name="test_is_empty_false" time="0.000" /><testcase classname="tests.tgedr_dataops.store.test_hf_dataset_file_based" name="test_is_empty_repo_missing" time="0.000" /><testcase classname="tests.tgedr_dataops.store.test_hf_dataset_file_based" name="test_store_data_chunks_and_uploads" time="0.008" /><testcase classname="tests.tgedr_dataops.store.test_hf_dataset_file_based" name="test_save_invalid_split_raises" time="0.001" /><testcase classname="tests.tgedr_dataops.store.test_hf_dataset_file_based" name="test_save_append" time="0.002" /><testcase classname="tests.tgedr_dataops.store.test_hf_dataset_file_based" name="test_save_append_truthy_values" time="0.002" /><testcase classname="tests.tgedr_dataops.store.test_hf_dataset_file_based" name="test_save_append_false_string" time="0.001" /><testcase classname="tests.tgedr_dataops.store.test_hf_dataset_file_based" name="test_save_replace_non_empty_keeps_indexes" time="0.001" /><testcase classname="tests.tgedr_dataops.store.test_hf_dataset_file_based" name="test_update_invalid_split_raises" time="0.001" /><testcase classname="tests.tgedr_dataops.store.test_hf_dataset_file_based" name="test_update_split_missing" time="0.003" /><testcase classname="tests.tgedr_dataops.store.test_hf_dataset_file_based" name="test_update_match_empty_appends" time="0.006" /><testcase classname="tests.tgedr_dataops.store.test_hf_dataset_file_based" name="test_update_all_rows_match" time="0.006" /><testcase classname="tests.tgedr_dataops.store.test_hf_dataset_file_based" name="test_update_partial_match" time="0.005" /><testcase classname="tests.tgedr_dataops.store.test_hf_dataset_file_based" name="test_update_partial_match_with_unmatched_rows" time="0.040" /><testcase classname="tests.tgedr_dataops.store.test_local_fs_single_partition_parquet" name="test_00_schema" time="0.017" /><testcase classname="tests.tgedr_dataops.store.test_local_fs_single_partition_parquet" name="test_01_save" time="0.013" /><testcase classname="tests.tgedr_dataops.store.test_local_fs_single_partition_parquet" name="test_02_overwrite" time="0.006" /><testcase classname="tests.tgedr_dataops.store.test_local_fs_single_partition_parquet" name="test_03_append" time="0.006" /><testcase classname="tests.tgedr_dataops.store.test_local_fs_single_partition_parquet" name="test_04_replace_partitions" time="0.006" /><testcase classname="tests.tgedr_dataops.store.test_local_fs_single_partition_parquet" name="test_05_add_in_new_partition" time="0.006" /><testcase classname="tests.tgedr_dataops.store.test_local_fs_single_partition_parquet" name="test_06_append_to_existing_partition" time="0.006" /><testcase classname="tests.tgedr_dataops.store.test_local_fs_single_partition_parquet" name="test_07_delete_partition" time="0.003" /><testcase classname="tests.tgedr_dataops.store.test_local_fs_single_partition_parquet" name="test_08_delete_rows" time="0.006" /><testcase classname="tests.tgedr_dataops.store.test_local_fs_single_partition_parquet" name="test_09_update_rows" time="0.013" /><testcase classname="tests.tgedr_dataops.store.test_local_fs_single_partition_parquet" name="test_10_schema_with_float_and_string" time="0.006" /><testcase classname="tests.tgedr_dataops.store.test_local_fs_single_partition_parquet" name="test_11_append_and_replace_partitions_error" time="0.002" /><testcase classname="tests.tgedr_dataops.store.test_local_fs_single_partition_parquet" name="test_12_exists" time="0.004" /><testcase classname="tests.tgedr_dataops.store.test_parquet_store" name="test_save" time="0.008" /><testcase classname="tests.tgedr_dataops.store.test_parquet_store" name="test_save_twice" time="0.013" /><testcase classname="tests.tgedr_dataops.store.test_parquet_store" name="test_save_twice_no_partitions" time="0.009" /><testcase classname="tests.tgedr_dataops.store.test_parquet_store" name="test_append_same" time="0.013" /><testcase classname="tests.tgedr_dataops.store.test_parquet_store" name="test_append_same_no_partitions" time="0.011" /><testcase classname="tests.tgedr_dataops.store.test_parquet_store" name="test_append_more" time="0.014" /><testcase classname="tests.tgedr_dataops.store.test_parquet_store" name="test_just_append" time="0.009" /><testcase classname="tests.tgedr_dataops.store.test_parquet_store" name="test_append_more_no_partitions" time="0.013" /><testcase classname="tests.tgedr_dataops.store.test_parquet_store" name="test_delete" time="0.003" /><testcase classname="tests.tgedr_dataops.store.test_parquet_store" name="test_ensure_key_parent" time="0.001" /><testcase classname="tests.tgedr_dataops.store.test_parquet_store" name="test_save_delete_file" time="0.005" /><testcase classname="tests.tgedr_dataops.store.test_parquet_store" name="test_update_with_partition_no_data_yet" time="0.009" /><testcase classname="tests.tgedr_dataops.store.test_parquet_store" name="test_update_with_partition_multiple_keyfields" time="0.018" /><testcase classname="tests.tgedr_dataops.store.test_parquet_store" name="test_update_with_partition_existing_field" time="0.018" /><testcase classname="tests.tgedr_dataops.store.test_parquet_store" name="test_update_with_partition_non_existing_field" time="0.022" /><testcase classname="tests.tgedr_dataops.store.test_parquet_store" name="test_update_with_partition_existing_and_non_existing_field" time="0.019" /><testcase classname="tests.tgedr_dataops.store.test_parquet_store" name="test_update_no_partition_existing_field" time="0.016" /><testcase classname="tests.tgedr_dataops.store.test_parquet_store" name="test_update_no_partition_non_existing_field" time="0.016" /><testcase classname="tests.tgedr_dataops.store.test_parquet_store" name="test_update_no_partition_existing_and_non_existing_field" time="0.017" /><testcase classname="tests.tgedr_dataops.store.test_parquet_store" name="test_update_creating_partition" time="0.013" /></testsuite></testsuites>